{
  "RSpec": {
    "coverage": {
      "/home/surendragoud/workspace/currency-exchanger/app/controllers/currency_conversions_controller.rb": [
        1,
        1,
        null,
        null,
        null,
        1,
        1,
        1,
        null,
        null,
        null,
        null,
        1,
        1,
        1,
        1,
        null,
        null,
        null,
        1,
        1,
        null,
        null,
        null,
        1,
        null,
        null,
        null,
        1,
        1,
        null,
        1,
        1,
        2,
        1,
        null,
        0,
        0,
        null,
        null,
        null,
        null,
        null,
        null,
        1,
        1,
        1,
        2,
        1,
        null,
        0,
        0,
        null,
        null,
        null,
        null,
        null,
        null,
        1,
        1,
        1,
        2,
        1,
        null,
        null,
        null,
        1,
        null,
        null,
        1,
        4,
        null,
        null,
        null,
        1,
        2,
        null,
        null
      ],
      "/home/surendragoud/workspace/currency-exchanger/app/controllers/application_controller.rb": [
        1,
        null
      ],
      "/home/surendragoud/workspace/currency-exchanger/spec/models/currency_conversion_spec.rb": [
        1,
        null,
        1,
        1,
        1,
        null,
        null,
        1,
        1,
        1,
        1,
        1,
        1,
        null,
        null,
        null
      ],
      "/home/surendragoud/workspace/currency-exchanger/app/models/currency_conversion.rb": [
        1,
        1,
        null,
        null,
        1,
        3,
        3,
        6,
        6,
        null,
        3,
        null,
        null
      ],
      "/home/surendragoud/workspace/currency-exchanger/app/models/application_record.rb": [
        1,
        1,
        null
      ],
      "/home/surendragoud/workspace/currency-exchanger/lib/fixer_api.rb": [
        1,
        null,
        1,
        null,
        1,
        null,
        null,
        null,
        null,
        1,
        1,
        null,
        1,
        8,
        8,
        null,
        null,
        null,
        1,
        8,
        null,
        null,
        1,
        null,
        null,
        1,
        8,
        null,
        0,
        null,
        null,
        null,
        1,
        8,
        8,
        null,
        null,
        null,
        1,
        8,
        null,
        null
      ],
      "/home/surendragoud/workspace/currency-exchanger/lib/highchart_graphs.rb": [
        null,
        1,
        null,
        1,
        1,
        null,
        1,
        2,
        2,
        null,
        null,
        null,
        null,
        1,
        2,
        2,
        2,
        2,
        null,
        2,
        null,
        null,
        2,
        2,
        null,
        null,
        null
      ]
    },
    "timestamp": 1580128079
  }
}
